<?xml version="1.0" encoding="UTF-8"?>
<!-- Generated by org.testng.reporters.JUnitXMLReporter -->
<testsuite ignored="0" hostname="DESKTOP-Q2NUHK3" failures="0" tests="4" name="Default test" time="67.611" errors="0" timestamp="2022-06-08T20:52:26 IST">
  <testcase classname="net.calculator.testcalculator.TestClass" name="testMultiply" time="10.421"/>
  <testcase classname="net.calculator.testcalculator.TestClass" name="testdivision" time="10.428"/>
  <testcase classname="net.calculator.testcalculator.TestClass" name="testAddition" time="10.712"/>
  <testcase classname="net.calculator.testcalculator.TestClass" name="testSubtraction" time="10.866"/>
</testsuite> <!-- Default test -->
